d:\ebaz4205_sdr\extio_ebaz\extio_ebaz\debug\extio_ebaz.pch
d:\ebaz4205_sdr\extio_ebaz\extio_ebaz\debug\vc142.pdb
d:\ebaz4205_sdr\extio_ebaz\extio_ebaz\debug\pch.obj
d:\ebaz4205_sdr\extio_ebaz\extio_ebaz\debug\extio_ebaz.obj
d:\ebaz4205_sdr\extio_ebaz\extio_ebaz\debug\dllmain.obj
d:\ebaz4205_sdr\extio_ebaz\extio_ebaz\debug\.netframework,version=v4.0.assemblyattributes.obj
d:\ebaz4205_sdr\extio_ebaz\extio_ebaz\debug\extioebaz.gui.resources
d:\ebaz4205_sdr\extio_ebaz\debug\extio_ebaz.lib
d:\ebaz4205_sdr\extio_ebaz\debug\extio_ebaz.exp
d:\ebaz4205_sdr\extio_ebaz\debug\extio_ebaz.dll
d:\ebaz4205_sdr\extio_ebaz\debug\extio_ebaz.pdb
d:\ebaz4205_sdr\extio_ebaz\extio_ebaz\debug\extio_ebaz.tlog\cl.command.1.tlog
d:\ebaz4205_sdr\extio_ebaz\extio_ebaz\debug\extio_ebaz.tlog\cl.read.1.tlog
d:\ebaz4205_sdr\extio_ebaz\extio_ebaz\debug\extio_ebaz.tlog\cl.write.1.tlog
d:\ebaz4205_sdr\extio_ebaz\extio_ebaz\debug\extio_ebaz.tlog\extio_ebaz.write.1u.tlog
d:\ebaz4205_sdr\extio_ebaz\extio_ebaz\debug\extio_ebaz.tlog\link.command.1.tlog
d:\ebaz4205_sdr\extio_ebaz\extio_ebaz\debug\extio_ebaz.tlog\link.read.1.tlog
d:\ebaz4205_sdr\extio_ebaz\extio_ebaz\debug\extio_ebaz.tlog\link.write.1.tlog
d:\ebaz4205_sdr\extio_ebaz\extio_ebaz\debug\extio_ebaz.tlog\metagen.read.1.tlog
d:\ebaz4205_sdr\extio_ebaz\extio_ebaz\debug\extio_ebaz.tlog\metagen.write.1.tlog
