d:\ebaz4205_sdr\extio\extio-dll\debug\extio-dll.pch
d:\ebaz4205_sdr\extio\extio-dll\debug\vc142.pdb
d:\ebaz4205_sdr\extio\extio-dll\debug\vc142.idb
d:\ebaz4205_sdr\extio\extio-dll\debug\pch.obj
d:\ebaz4205_sdr\extio\extio-dll\debug\extio-dll.obj
d:\ebaz4205_sdr\extio\debug\extio-dll.lib
d:\ebaz4205_sdr\extio\debug\extio-dll.exp
d:\ebaz4205_sdr\extio\extio-dll\debug\extio-dll.ilk
d:\ebaz4205_sdr\extio\debug\extio-dll.dll
d:\ebaz4205_sdr\extio\debug\extio-dll.pdb
d:\ebaz4205_sdr\extio\extio-dll\debug\resource.res
d:\ebaz4205_sdr\extio\extio-dll\debug\extio-dll.tlog\cl.command.1.tlog
d:\ebaz4205_sdr\extio\extio-dll\debug\extio-dll.tlog\cl.read.1.tlog
d:\ebaz4205_sdr\extio\extio-dll\debug\extio-dll.tlog\cl.write.1.tlog
d:\ebaz4205_sdr\extio\extio-dll\debug\extio-dll.tlog\extio-dll.write.1u.tlog
d:\ebaz4205_sdr\extio\extio-dll\debug\extio-dll.tlog\link.command.1.tlog
d:\ebaz4205_sdr\extio\extio-dll\debug\extio-dll.tlog\link.read.1.tlog
d:\ebaz4205_sdr\extio\extio-dll\debug\extio-dll.tlog\link.write.1.tlog
d:\ebaz4205_sdr\extio\extio-dll\debug\extio-dll.tlog\rc.command.1.tlog
d:\ebaz4205_sdr\extio\extio-dll\debug\extio-dll.tlog\rc.read.1.tlog
d:\ebaz4205_sdr\extio\extio-dll\debug\extio-dll.tlog\rc.write.1.tlog
